2017-07-30 22:37:10 qiubai : Beanbun worker 0 is starting ...
2017-07-30 22:37:10 qiubai : Beanbun worker 1 is starting ...
2017-07-30 22:37:10 qiubai : Beanbun worker 2 is starting ...
2017-07-30 22:37:10 qiubai : Beanbun worker 3 is starting ...
2017-07-30 22:37:10 qiubai : Beanbun worker 4 is starting ...
2017-07-30 22:37:16 qiubai : Beanbun worker 0 download http://www.qiushibaike.com/ success.
2017-07-30 22:37:45 qiubai : 
2017-07-30 22:37:45 qiubai : 
2017-07-30 22:37:45 qiubai : Error creating resource: [message] fopen(): Filename cannot be empty
[file] /mnt/e/code/crawler/vendor/guzzlehttp/guzzle/src/Handler/StreamHandler.php
[line] 325
2017-07-30 22:37:45 qiubai : Error creating resource: [message] fopen(): Filename cannot be empty
[file] /mnt/e/code/crawler/vendor/guzzlehttp/guzzle/src/Handler/StreamHandler.php
[line] 325
2017-07-30 22:37:45 qiubai : 
2017-07-30 22:37:45 qiubai : Error creating resource: [message] fopen(): Filename cannot be empty
[file] /mnt/e/code/crawler/vendor/guzzlehttp/guzzle/src/Handler/StreamHandler.php
[line] 325
2017-07-30 22:37:45 qiubai : Error creating resource: [message] fopen(): Filename cannot be empty
[file] /mnt/e/code/crawler/vendor/guzzlehttp/guzzle/src/Handler/StreamHandler.php
[line] 325
2017-07-30 22:37:45 qiubai : 
2017-07-30 22:37:45 qiubai : Error creating resource: [message] fopen(): Filename cannot be empty
[file] /mnt/e/code/crawler/vendor/guzzlehttp/guzzle/src/Handler/StreamHandler.php
[line] 325
2017-07-30 22:37:45 qiubai : Error creating resource: [message] fopen(): Filename cannot be empty
[file] /mnt/e/code/crawler/vendor/guzzlehttp/guzzle/src/Handler/StreamHandler.php
[line] 325
2017-07-30 22:37:45 qiubai : Error creating resource: [message] fopen(): Filename cannot be empty
[file] /mnt/e/code/crawler/vendor/guzzlehttp/guzzle/src/Handler/StreamHandler.php
[line] 325
2017-07-30 22:37:45 qiubai : Error creating resource: [message] fopen(): Filename cannot be empty
[file] /mnt/e/code/crawler/vendor/guzzlehttp/guzzle/src/Handler/StreamHandler.php
[line] 325
2017-07-30 22:37:50 qiubai : 
2017-07-30 22:37:50 qiubai : Error creating resource: [message] fopen(): Filename cannot be empty
[file] /mnt/e/code/crawler/vendor/guzzlehttp/guzzle/src/Handler/StreamHandler.php
[line] 325
2017-07-30 22:37:50 qiubai : Error creating resource: [message] fopen(): Filename cannot be empty
[file] /mnt/e/code/crawler/vendor/guzzlehttp/guzzle/src/Handler/StreamHandler.php
[line] 325
2017-07-30 22:37:50 qiubai : Error creating resource: [message] fopen(): Filename cannot be empty
[file] /mnt/e/code/crawler/vendor/guzzlehttp/guzzle/src/Handler/StreamHandler.php
[line] 325
2017-07-30 22:37:50 qiubai : Error creating resource: [message] fopen(): Filename cannot be empty
[file] /mnt/e/code/crawler/vendor/guzzlehttp/guzzle/src/Handler/StreamHandler.php
[line] 325
2017-07-30 22:37:50 qiubai : Error creating resource: [message] fopen(): Filename cannot be empty
[file] /mnt/e/code/crawler/vendor/guzzlehttp/guzzle/src/Handler/StreamHandler.php
[line] 325
2017-07-30 22:37:50 qiubai : Error creating resource: [message] fopen(): Filename cannot be empty
[file] /mnt/e/code/crawler/vendor/guzzlehttp/guzzle/src/Handler/StreamHandler.php
[line] 325
2017-07-30 22:37:50 qiubai : Error creating resource: [message] fopen(): Filename cannot be empty
[file] /mnt/e/code/crawler/vendor/guzzlehttp/guzzle/src/Handler/StreamHandler.php
[line] 325
2017-07-30 22:37:50 qiubai : Error creating resource: [message] fopen(): Filename cannot be empty
[file] /mnt/e/code/crawler/vendor/guzzlehttp/guzzle/src/Handler/StreamHandler.php
[line] 325
2017-07-30 22:37:50 qiubai : Error creating resource: [message] fopen(): Filename cannot be empty
[file] /mnt/e/code/crawler/vendor/guzzlehttp/guzzle/src/Handler/StreamHandler.php
[line] 325
2017-07-30 22:37:50 qiubai : Error creating resource: [message] fopen(): Filename cannot be empty
[file] /mnt/e/code/crawler/vendor/guzzlehttp/guzzle/src/Handler/StreamHandler.php
[line] 325
2017-07-30 22:37:55 qiubai : Error creating resource: [message] fopen(): Filename cannot be empty
[file] /mnt/e/code/crawler/vendor/guzzlehttp/guzzle/src/Handler/StreamHandler.php
[line] 325
2017-07-30 22:37:55 qiubai : Error creating resource: [message] fopen(): Filename cannot be empty
[file] /mnt/e/code/crawler/vendor/guzzlehttp/guzzle/src/Handler/StreamHandler.php
[line] 325
2017-07-30 22:37:55 qiubai : Error creating resource: [message] fopen(): Filename cannot be empty
[file] /mnt/e/code/crawler/vendor/guzzlehttp/guzzle/src/Handler/StreamHandler.php
[line] 325
2017-07-30 22:37:55 qiubai : Error creating resource: [message] fopen(): Filename cannot be empty
[file] /mnt/e/code/crawler/vendor/guzzlehttp/guzzle/src/Handler/StreamHandler.php
[line] 325
2017-07-30 22:37:55 qiubai : Error creating resource: [message] fopen(): Filename cannot be empty
[file] /mnt/e/code/crawler/vendor/guzzlehttp/guzzle/src/Handler/StreamHandler.php
[line] 325
2017-07-30 22:37:55 qiubai : Error creating resource: [message] fopen(): Filename cannot be empty
[file] /mnt/e/code/crawler/vendor/guzzlehttp/guzzle/src/Handler/StreamHandler.php
[line] 325
2017-07-30 22:37:55 qiubai : Error creating resource: [message] fopen(): Filename cannot be empty
[file] /mnt/e/code/crawler/vendor/guzzlehttp/guzzle/src/Handler/StreamHandler.php
[line] 325
2017-07-30 22:37:55 qiubai : Error creating resource: [message] fopen(): Filename cannot be empty
[file] /mnt/e/code/crawler/vendor/guzzlehttp/guzzle/src/Handler/StreamHandler.php
[line] 325
2017-07-30 22:37:55 qiubai : Error creating resource: [message] fopen(): Filename cannot be empty
[file] /mnt/e/code/crawler/vendor/guzzlehttp/guzzle/src/Handler/StreamHandler.php
[line] 325
2017-07-30 22:37:55 qiubai : Error creating resource: [message] fopen(): Filename cannot be empty
[file] /mnt/e/code/crawler/vendor/guzzlehttp/guzzle/src/Handler/StreamHandler.php
[line] 325
2017-07-30 22:38:00 qiubai : Error creating resource: [message] fopen(): Filename cannot be empty
[file] /mnt/e/code/crawler/vendor/guzzlehttp/guzzle/src/Handler/StreamHandler.php
[line] 325
2017-07-30 22:38:00 qiubai : Error creating resource: [message] fopen(): Filename cannot be empty
[file] /mnt/e/code/crawler/vendor/guzzlehttp/guzzle/src/Handler/StreamHandler.php
[line] 325
2017-07-30 22:38:00 qiubai : Error creating resource: [message] fopen(): Filename cannot be empty
[file] /mnt/e/code/crawler/vendor/guzzlehttp/guzzle/src/Handler/StreamHandler.php
[line] 325
2017-07-30 22:38:00 qiubai : Error creating resource: [message] fopen(): Filename cannot be empty
[file] /mnt/e/code/crawler/vendor/guzzlehttp/guzzle/src/Handler/StreamHandler.php
[line] 325
2017-07-30 22:38:00 qiubai : Error creating resource: [message] fopen(): Filename cannot be empty
[file] /mnt/e/code/crawler/vendor/guzzlehttp/guzzle/src/Handler/StreamHandler.php
[line] 325
2017-07-30 22:38:00 qiubai : Error creating resource: [message] fopen(): Filename cannot be empty
[file] /mnt/e/code/crawler/vendor/guzzlehttp/guzzle/src/Handler/StreamHandler.php
[line] 325
2017-07-30 22:38:00 qiubai : Error creating resource: [message] fopen(): Filename cannot be empty
[file] /mnt/e/code/crawler/vendor/guzzlehttp/guzzle/src/Handler/StreamHandler.php
[line] 325
2017-07-30 22:38:00 qiubai : Error creating resource: [message] fopen(): Filename cannot be empty
[file] /mnt/e/code/crawler/vendor/guzzlehttp/guzzle/src/Handler/StreamHandler.php
[line] 325
2017-07-30 22:38:00 qiubai : Error creating resource: [message] fopen(): Filename cannot be empty
[file] /mnt/e/code/crawler/vendor/guzzlehttp/guzzle/src/Handler/StreamHandler.php
[line] 325
2017-07-30 22:38:00 qiubai : Error creating resource: [message] fopen(): Filename cannot be empty
[file] /mnt/e/code/crawler/vendor/guzzlehttp/guzzle/src/Handler/StreamHandler.php
[line] 325
2017-07-30 22:38:05 qiubai : Error creating resource: [message] fopen(): Filename cannot be empty
[file] /mnt/e/code/crawler/vendor/guzzlehttp/guzzle/src/Handler/StreamHandler.php
[line] 325
2017-07-30 22:38:05 qiubai : Error creating resource: [message] fopen(): Filename cannot be empty
[file] /mnt/e/code/crawler/vendor/guzzlehttp/guzzle/src/Handler/StreamHandler.php
[line] 325
2017-07-30 22:38:05 qiubai : Error creating resource: [message] fopen(): Filename cannot be empty
[file] /mnt/e/code/crawler/vendor/guzzlehttp/guzzle/src/Handler/StreamHandler.php
[line] 325
2017-07-30 22:38:05 qiubai : Error creating resource: [message] fopen(): Filename cannot be empty
[file] /mnt/e/code/crawler/vendor/guzzlehttp/guzzle/src/Handler/StreamHandler.php
[line] 325
2017-07-30 22:38:05 qiubai : Error creating resource: [message] fopen(): Filename cannot be empty
[file] /mnt/e/code/crawler/vendor/guzzlehttp/guzzle/src/Handler/StreamHandler.php
[line] 325
2017-07-30 22:38:05 qiubai : Error creating resource: [message] fopen(): Filename cannot be empty
[file] /mnt/e/code/crawler/vendor/guzzlehttp/guzzle/src/Handler/StreamHandler.php
[line] 325
2017-07-30 22:38:05 qiubai : Error creating resource: [message] fopen(): Filename cannot be empty
[file] /mnt/e/code/crawler/vendor/guzzlehttp/guzzle/src/Handler/StreamHandler.php
[line] 325
2017-07-30 22:38:05 qiubai : Error creating resource: [message] fopen(): Filename cannot be empty
[file] /mnt/e/code/crawler/vendor/guzzlehttp/guzzle/src/Handler/StreamHandler.php
[line] 325
2017-07-30 22:38:05 qiubai : Error creating resource: [message] fopen(): Filename cannot be empty
[file] /mnt/e/code/crawler/vendor/guzzlehttp/guzzle/src/Handler/StreamHandler.php
[line] 325
2017-07-30 22:38:05 qiubai : Error creating resource: [message] fopen(): Filename cannot be empty
[file] /mnt/e/code/crawler/vendor/guzzlehttp/guzzle/src/Handler/StreamHandler.php
[line] 325
2017-07-30 22:38:10 qiubai : Error creating resource: [message] fopen(): Filename cannot be empty
[file] /mnt/e/code/crawler/vendor/guzzlehttp/guzzle/src/Handler/StreamHandler.php
[line] 325
2017-07-30 22:38:10 qiubai : Error creating resource: [message] fopen(): Filename cannot be empty
[file] /mnt/e/code/crawler/vendor/guzzlehttp/guzzle/src/Handler/StreamHandler.php
[line] 325
2017-07-30 22:38:10 qiubai : Error creating resource: [message] fopen(): Filename cannot be empty
[file] /mnt/e/code/crawler/vendor/guzzlehttp/guzzle/src/Handler/StreamHandler.php
[line] 325
2017-07-30 22:38:10 qiubai : Error creating resource: [message] fopen(): Filename cannot be empty
[file] /mnt/e/code/crawler/vendor/guzzlehttp/guzzle/src/Handler/StreamHandler.php
[line] 325
2017-07-30 22:38:10 qiubai : Error creating resource: [message] fopen(): Filename cannot be empty
[file] /mnt/e/code/crawler/vendor/guzzlehttp/guzzle/src/Handler/StreamHandler.php
[line] 325
2017-07-30 22:38:10 qiubai : Error creating resource: [message] fopen(): Filename cannot be empty
[file] /mnt/e/code/crawler/vendor/guzzlehttp/guzzle/src/Handler/StreamHandler.php
[line] 325
2017-07-30 22:38:10 qiubai : Error creating resource: [message] fopen(): Filename cannot be empty
[file] /mnt/e/code/crawler/vendor/guzzlehttp/guzzle/src/Handler/StreamHandler.php
[line] 325
2017-07-30 22:38:10 qiubai : Error creating resource: [message] fopen(): Filename cannot be empty
[file] /mnt/e/code/crawler/vendor/guzzlehttp/guzzle/src/Handler/StreamHandler.php
[line] 325
2017-07-30 22:38:10 qiubai : Error creating resource: [message] fopen(): Filename cannot be empty
[file] /mnt/e/code/crawler/vendor/guzzlehttp/guzzle/src/Handler/StreamHandler.php
[line] 325
2017-07-30 22:38:10 qiubai : Error creating resource: [message] fopen(): Filename cannot be empty
[file] /mnt/e/code/crawler/vendor/guzzlehttp/guzzle/src/Handler/StreamHandler.php
[line] 325
2017-07-30 22:39:07 qiubai : Beanbun worker 0 is starting ...
2017-07-30 22:39:07 qiubai : Beanbun worker 1 is starting ...
2017-07-30 22:39:07 qiubai : Beanbun worker 2 is starting ...
2017-07-30 22:39:07 qiubai : Beanbun worker 3 is starting ...
2017-07-30 22:39:07 qiubai : Beanbun worker 4 is starting ...
2017-07-30 22:39:12 qiubai : Error creating resource: [message] fopen(): Filename cannot be empty
[file] /mnt/e/code/crawler/vendor/guzzlehttp/guzzle/src/Handler/StreamHandler.php
[line] 325
2017-07-30 22:39:12 qiubai : Error creating resource: [message] fopen(): Filename cannot be empty
[file] /mnt/e/code/crawler/vendor/guzzlehttp/guzzle/src/Handler/StreamHandler.php
[line] 325
2017-07-30 22:39:12 qiubai : Error creating resource: [message] fopen(): Filename cannot be empty
[file] /mnt/e/code/crawler/vendor/guzzlehttp/guzzle/src/Handler/StreamHandler.php
[line] 325
2017-07-30 22:39:12 qiubai : Error creating resource: [message] fopen(): Filename cannot be empty
[file] /mnt/e/code/crawler/vendor/guzzlehttp/guzzle/src/Handler/StreamHandler.php
[line] 325
2017-07-30 22:39:12 qiubai : Error creating resource: [message] fopen(): Filename cannot be empty
[file] /mnt/e/code/crawler/vendor/guzzlehttp/guzzle/src/Handler/StreamHandler.php
[line] 325
2017-07-30 22:39:12 qiubai : Error creating resource: [message] fopen(): Filename cannot be empty
[file] /mnt/e/code/crawler/vendor/guzzlehttp/guzzle/src/Handler/StreamHandler.php
[line] 325
2017-07-30 22:39:12 qiubai : Error creating resource: [message] fopen(): Filename cannot be empty
[file] /mnt/e/code/crawler/vendor/guzzlehttp/guzzle/src/Handler/StreamHandler.php
[line] 325
2017-07-30 22:39:12 qiubai : Error creating resource: [message] fopen(): Filename cannot be empty
[file] /mnt/e/code/crawler/vendor/guzzlehttp/guzzle/src/Handler/StreamHandler.php
[line] 325
2017-07-30 22:39:12 qiubai : Error creating resource: [message] fopen(): Filename cannot be empty
[file] /mnt/e/code/crawler/vendor/guzzlehttp/guzzle/src/Handler/StreamHandler.php
[line] 325
2017-07-30 22:39:12 qiubai : Error creating resource: [message] fopen(): Filename cannot be empty
[file] /mnt/e/code/crawler/vendor/guzzlehttp/guzzle/src/Handler/StreamHandler.php
[line] 325
2017-07-30 22:39:17 qiubai : Error creating resource: [message] fopen(): Filename cannot be empty
[file] /mnt/e/code/crawler/vendor/guzzlehttp/guzzle/src/Handler/StreamHandler.php
[line] 325
2017-07-30 22:39:17 qiubai : Error creating resource: [message] fopen(): Filename cannot be empty
[file] /mnt/e/code/crawler/vendor/guzzlehttp/guzzle/src/Handler/StreamHandler.php
[line] 325
2017-07-30 22:39:17 qiubai : Error creating resource: [message] fopen(): Filename cannot be empty
[file] /mnt/e/code/crawler/vendor/guzzlehttp/guzzle/src/Handler/StreamHandler.php
[line] 325
2017-07-30 22:39:17 qiubai : Error creating resource: [message] fopen(): Filename cannot be empty
[file] /mnt/e/code/crawler/vendor/guzzlehttp/guzzle/src/Handler/StreamHandler.php
[line] 325
2017-07-30 22:39:17 qiubai : Error creating resource: [message] fopen(): Filename cannot be empty
[file] /mnt/e/code/crawler/vendor/guzzlehttp/guzzle/src/Handler/StreamHandler.php
[line] 325
2017-07-30 22:39:17 qiubai : Error creating resource: [message] fopen(): Filename cannot be empty
[file] /mnt/e/code/crawler/vendor/guzzlehttp/guzzle/src/Handler/StreamHandler.php
[line] 325
2017-07-30 22:39:17 qiubai : Error creating resource: [message] fopen(): Filename cannot be empty
[file] /mnt/e/code/crawler/vendor/guzzlehttp/guzzle/src/Handler/StreamHandler.php
[line] 325
2017-07-30 22:39:17 qiubai : Error creating resource: [message] fopen(): Filename cannot be empty
[file] /mnt/e/code/crawler/vendor/guzzlehttp/guzzle/src/Handler/StreamHandler.php
[line] 325
2017-07-30 22:39:17 qiubai : Error creating resource: [message] fopen(): Filename cannot be empty
[file] /mnt/e/code/crawler/vendor/guzzlehttp/guzzle/src/Handler/StreamHandler.php
[line] 325
2017-07-30 22:39:17 qiubai : Error creating resource: [message] fopen(): Filename cannot be empty
[file] /mnt/e/code/crawler/vendor/guzzlehttp/guzzle/src/Handler/StreamHandler.php
[line] 325
2017-07-30 22:39:22 qiubai : Error creating resource: [message] fopen(): Filename cannot be empty
[file] /mnt/e/code/crawler/vendor/guzzlehttp/guzzle/src/Handler/StreamHandler.php
[line] 325
2017-07-30 22:39:22 qiubai : Error creating resource: [message] fopen(): Filename cannot be empty
[file] /mnt/e/code/crawler/vendor/guzzlehttp/guzzle/src/Handler/StreamHandler.php
[line] 325
2017-07-30 22:39:22 qiubai : Error creating resource: [message] fopen(): Filename cannot be empty
[file] /mnt/e/code/crawler/vendor/guzzlehttp/guzzle/src/Handler/StreamHandler.php
[line] 325
2017-07-30 22:39:22 qiubai : Error creating resource: [message] fopen(): Filename cannot be empty
[file] /mnt/e/code/crawler/vendor/guzzlehttp/guzzle/src/Handler/StreamHandler.php
[line] 325
2017-07-30 22:39:22 qiubai : Error creating resource: [message] fopen(): Filename cannot be empty
[file] /mnt/e/code/crawler/vendor/guzzlehttp/guzzle/src/Handler/StreamHandler.php
[line] 325
2017-07-30 22:39:22 qiubai : Error creating resource: [message] fopen(): Filename cannot be empty
[file] /mnt/e/code/crawler/vendor/guzzlehttp/guzzle/src/Handler/StreamHandler.php
[line] 325
2017-07-30 22:39:22 qiubai : Error creating resource: [message] fopen(): Filename cannot be empty
[file] /mnt/e/code/crawler/vendor/guzzlehttp/guzzle/src/Handler/StreamHandler.php
[line] 325
2017-07-30 22:39:22 qiubai : Error creating resource: [message] fopen(): Filename cannot be empty
[file] /mnt/e/code/crawler/vendor/guzzlehttp/guzzle/src/Handler/StreamHandler.php
[line] 325
2017-07-30 22:39:22 qiubai : Error creating resource: [message] fopen(): Filename cannot be empty
[file] /mnt/e/code/crawler/vendor/guzzlehttp/guzzle/src/Handler/StreamHandler.php
[line] 325
2017-07-30 22:39:22 qiubai : Error creating resource: [message] fopen(): Filename cannot be empty
[file] /mnt/e/code/crawler/vendor/guzzlehttp/guzzle/src/Handler/StreamHandler.php
[line] 325
2017-07-30 22:39:27 qiubai : Error creating resource: [message] fopen(): Filename cannot be empty
[file] /mnt/e/code/crawler/vendor/guzzlehttp/guzzle/src/Handler/StreamHandler.php
[line] 325
2017-07-30 22:39:27 qiubai : Error creating resource: [message] fopen(): Filename cannot be empty
[file] /mnt/e/code/crawler/vendor/guzzlehttp/guzzle/src/Handler/StreamHandler.php
[line] 325
2017-07-30 22:39:27 qiubai : Error creating resource: [message] fopen(): Filename cannot be empty
[file] /mnt/e/code/crawler/vendor/guzzlehttp/guzzle/src/Handler/StreamHandler.php
[line] 325
2017-07-30 22:39:27 qiubai : Error creating resource: [message] fopen(): Filename cannot be empty
[file] /mnt/e/code/crawler/vendor/guzzlehttp/guzzle/src/Handler/StreamHandler.php
[line] 325
2017-07-30 22:39:27 qiubai : Error creating resource: [message] fopen(): Filename cannot be empty
[file] /mnt/e/code/crawler/vendor/guzzlehttp/guzzle/src/Handler/StreamHandler.php
[line] 325
2017-07-30 22:39:27 qiubai : Error creating resource: [message] fopen(): Filename cannot be empty
[file] /mnt/e/code/crawler/vendor/guzzlehttp/guzzle/src/Handler/StreamHandler.php
[line] 325
2017-07-30 22:39:27 qiubai : Error creating resource: [message] fopen(): Filename cannot be empty
[file] /mnt/e/code/crawler/vendor/guzzlehttp/guzzle/src/Handler/StreamHandler.php
[line] 325
2017-07-30 22:39:27 qiubai : Error creating resource: [message] fopen(): Filename cannot be empty
[file] /mnt/e/code/crawler/vendor/guzzlehttp/guzzle/src/Handler/StreamHandler.php
[line] 325
2017-07-30 22:39:27 qiubai : Error creating resource: [message] fopen(): Filename cannot be empty
[file] /mnt/e/code/crawler/vendor/guzzlehttp/guzzle/src/Handler/StreamHandler.php
[line] 325
2017-07-30 22:39:27 qiubai : Error creating resource: [message] fopen(): Filename cannot be empty
[file] /mnt/e/code/crawler/vendor/guzzlehttp/guzzle/src/Handler/StreamHandler.php
[line] 325
2017-07-30 22:39:32 qiubai : Error creating resource: [message] fopen(): Filename cannot be empty
[file] /mnt/e/code/crawler/vendor/guzzlehttp/guzzle/src/Handler/StreamHandler.php
[line] 325
2017-07-30 22:39:32 qiubai : Error creating resource: [message] fopen(): Filename cannot be empty
[file] /mnt/e/code/crawler/vendor/guzzlehttp/guzzle/src/Handler/StreamHandler.php
[line] 325
2017-07-30 22:39:32 qiubai : Error creating resource: [message] fopen(): Filename cannot be empty
[file] /mnt/e/code/crawler/vendor/guzzlehttp/guzzle/src/Handler/StreamHandler.php
[line] 325
2017-07-30 22:39:32 qiubai : Error creating resource: [message] fopen(): Filename cannot be empty
[file] /mnt/e/code/crawler/vendor/guzzlehttp/guzzle/src/Handler/StreamHandler.php
[line] 325
2017-07-30 22:39:32 qiubai : Error creating resource: [message] fopen(): Filename cannot be empty
[file] /mnt/e/code/crawler/vendor/guzzlehttp/guzzle/src/Handler/StreamHandler.php
[line] 325
2017-07-30 22:39:32 qiubai : Error creating resource: [message] fopen(): Filename cannot be empty
[file] /mnt/e/code/crawler/vendor/guzzlehttp/guzzle/src/Handler/StreamHandler.php
[line] 325
2017-07-30 22:39:32 qiubai : Error creating resource: [message] fopen(): Filename cannot be empty
[file] /mnt/e/code/crawler/vendor/guzzlehttp/guzzle/src/Handler/StreamHandler.php
[line] 325
2017-07-30 22:39:32 qiubai : Error creating resource: [message] fopen(): Filename cannot be empty
[file] /mnt/e/code/crawler/vendor/guzzlehttp/guzzle/src/Handler/StreamHandler.php
[line] 325
2017-07-30 22:39:32 qiubai : Error creating resource: [message] fopen(): Filename cannot be empty
[file] /mnt/e/code/crawler/vendor/guzzlehttp/guzzle/src/Handler/StreamHandler.php
[line] 325
2017-07-30 22:39:32 qiubai : Error creating resource: [message] fopen(): Filename cannot be empty
[file] /mnt/e/code/crawler/vendor/guzzlehttp/guzzle/src/Handler/StreamHandler.php
[line] 325
2017-07-30 22:39:37 qiubai : Error creating resource: [message] fopen(): Filename cannot be empty
[file] /mnt/e/code/crawler/vendor/guzzlehttp/guzzle/src/Handler/StreamHandler.php
[line] 325
2017-07-30 22:39:37 qiubai : Error creating resource: [message] fopen(): Filename cannot be empty
[file] /mnt/e/code/crawler/vendor/guzzlehttp/guzzle/src/Handler/StreamHandler.php
[line] 325
2017-07-30 22:39:37 qiubai : Error creating resource: [message] fopen(): Filename cannot be empty
[file] /mnt/e/code/crawler/vendor/guzzlehttp/guzzle/src/Handler/StreamHandler.php
[line] 325
2017-07-30 22:39:37 qiubai : Error creating resource: [message] fopen(): Filename cannot be empty
[file] /mnt/e/code/crawler/vendor/guzzlehttp/guzzle/src/Handler/StreamHandler.php
[line] 325
2017-07-30 22:39:37 qiubai : Error creating resource: [message] fopen(): Filename cannot be empty
[file] /mnt/e/code/crawler/vendor/guzzlehttp/guzzle/src/Handler/StreamHandler.php
[line] 325
2017-07-30 22:39:37 qiubai : Error creating resource: [message] fopen(): Filename cannot be empty
[file] /mnt/e/code/crawler/vendor/guzzlehttp/guzzle/src/Handler/StreamHandler.php
[line] 325
2017-07-30 22:39:37 qiubai : Error creating resource: [message] fopen(): Filename cannot be empty
[file] /mnt/e/code/crawler/vendor/guzzlehttp/guzzle/src/Handler/StreamHandler.php
[line] 325
2017-07-30 22:39:37 qiubai : Error creating resource: [message] fopen(): Filename cannot be empty
[file] /mnt/e/code/crawler/vendor/guzzlehttp/guzzle/src/Handler/StreamHandler.php
[line] 325
2017-07-30 22:39:37 qiubai : Error creating resource: [message] fopen(): Filename cannot be empty
[file] /mnt/e/code/crawler/vendor/guzzlehttp/guzzle/src/Handler/StreamHandler.php
[line] 325
2017-07-30 22:39:37 qiubai : Error creating resource: [message] fopen(): Filename cannot be empty
[file] /mnt/e/code/crawler/vendor/guzzlehttp/guzzle/src/Handler/StreamHandler.php
[line] 325
